<?xml version="1.0" encoding="UTF-8"?>
<!-- Generated by org.testng.reporters.JUnitReportReporter -->
<testsuite hostname="Shruti" failures="0" tests="2" name="Tests.LoginTests" time="14.165" errors="0" timestamp="2025-10-29T20:23:53 IST" skipped="0">
  <testcase classname="Tests.LoginTests" name="LoginWithValidUser" time="7.089"/>
  <testcase classname="Tests.LoginTests" name="LoginWithInavalidUser" time="7.076"/>
</testsuite> <!-- Tests.LoginTests -->
