<?xml version="1.0" encoding="UTF-8"?>
<!-- Generated by org.testng.reporters.JUnitReportReporter -->
<testsuite hostname="Shruti" failures="0" tests="1" name="Tests.RegisterTests" time="7.317" errors="0" timestamp="2025-10-30T12:05:27 IST" skipped="0">
  <testcase classname="Tests.RegisterTests" name="Registeruser" time="7.317"/>
</testsuite> <!-- Tests.RegisterTests -->
