<?xml version="1.0" encoding="UTF-8"?>
<!-- Generated by org.testng.reporters.JUnitReportReporter -->
<testsuite hostname="Shruti" failures="0" tests="2" name="Tests.LoginTests" time="17.253" errors="0" timestamp="2025-10-31T15:52:51 IST" skipped="0">
  <testcase classname="Tests.LoginTests" name="LoginWithValidUser" time="7.498"/>
  <testcase classname="Tests.LoginTests" name="LoginWithInavalidUser" time="9.755"/>
</testsuite> <!-- Tests.LoginTests -->
