<?xml version="1.0" encoding="UTF-8"?>
<!-- Generated by org.testng.reporters.JUnitReportReporter -->
<testsuite hostname="Shruti" failures="0" tests="1" name="Tests.CartTest" time="8.006" errors="0" timestamp="2025-10-30T16:59:31 IST" skipped="0">
  <testcase classname="Tests.CartTest" name="AddToCartMethod" time="8.006"/>
</testsuite> <!-- Tests.CartTest -->
