<?xml version="1.0" encoding="UTF-8"?>
<!-- Generated by org.testng.reporters.JUnitReportReporter -->
<testsuite hostname="Shruti" failures="0" tests="1" name="Tests.HomePageTest" time="7.137" errors="0" timestamp="2025-10-30T14:58:04 IST" skipped="0">
  <testcase classname="Tests.HomePageTest" name="homepageMethod" time="7.137"/>
</testsuite> <!-- Tests.HomePageTest -->
